Analysis & Synthesis report for pong2
Tue Aug 30 02:28:48 2011
Quartus II Version 11.0 Build 157 04/27/2011 SJ Web Edition


---------------------
; Table of Contents ;
---------------------
  1. Legal Notice
  2. Analysis & Synthesis Summary
  3. Analysis & Synthesis Settings
  4. Parallel Compilation
  5. Analysis & Synthesis Source Files Read
  6. Analysis & Synthesis Resource Usage Summary
  7. Analysis & Synthesis Resource Utilization by Entity
  8. Registers Removed During Synthesis
  9. General Register Statistics
 10. Inverted Register Statistics
 11. Multiplexer Restructuring Statistics (Restructuring Performed)
 12. Port Connectivity Checks: "bcd:comb_606"
 13. Port Connectivity Checks: "bcd:comb_605|add3:comb_17"
 14. Port Connectivity Checks: "bcd:comb_605|add3:comb_16"
 15. Port Connectivity Checks: "bcd:comb_605"
 16. Elapsed Time Per Partition
 17. Analysis & Synthesis Messages



----------------
; Legal Notice ;
----------------
Copyright (C) 1991-2011 Altera Corporation
Your use of Altera Corporation's design tools, logic functions 
and other software and tools, and its AMPP partner logic 
functions, and any output files from any of the foregoing 
(including device programming or simulation files), and any 
associated documentation or information are expressly subject 
to the terms and conditions of the Altera Program License 
Subscription Agreement, Altera MegaCore Function License 
Agreement, or other applicable license agreement, including, 
without limitation, that your use is for the sole purpose of 
programming logic devices manufactured by Altera and sold by 
Altera or its authorized distributors.  Please refer to the 
applicable agreement for further details.



+-------------------------------------------------------------------------------+
; Analysis & Synthesis Summary                                                  ;
+------------------------------------+------------------------------------------+
; Analysis & Synthesis Status        ; Successful - Tue Aug 30 02:28:48 2011    ;
; Quartus II Version                 ; 11.0 Build 157 04/27/2011 SJ Web Edition ;
; Revision Name                      ; pong2                                    ;
; Top-level Entity Name              ; pong                                     ;
; Family                             ; Cyclone II                               ;
; Total logic elements               ; 486                                      ;
;     Total combinational functions  ; 486                                      ;
;     Dedicated logic registers      ; 106                                      ;
; Total registers                    ; 106                                      ;
; Total pins                         ; 57                                       ;
; Total virtual pins                 ; 0                                        ;
; Total memory bits                  ; 0                                        ;
; Embedded Multiplier 9-bit elements ; 0                                        ;
; Total PLLs                         ; 0                                        ;
+------------------------------------+------------------------------------------+


+----------------------------------------------------------------------------------------------------------------------+
; Analysis & Synthesis Settings                                                                                        ;
+----------------------------------------------------------------------------+--------------------+--------------------+
; Option                                                                     ; Setting            ; Default Value      ;
+----------------------------------------------------------------------------+--------------------+--------------------+
; Device                                                                     ; EP2C20F484C7       ;                    ;
; Top-level entity name                                                      ; pong               ; pong2              ;
; Family name                                                                ; Cyclone II         ; Cyclone IV GX      ;
; Use smart compilation                                                      ; Off                ; Off                ;
; Enable parallel Assembler and TimeQuest Timing Analyzer during compilation ; On                 ; On                 ;
; Enable compact report table                                                ; Off                ; Off                ;
; Restructure Multiplexers                                                   ; Auto               ; Auto               ;
; Create Debugging Nodes for IP Cores                                        ; Off                ; Off                ;
; Preserve fewer node names                                                  ; On                 ; On                 ;
; Disable OpenCore Plus hardware evaluation                                  ; Off                ; Off                ;
; Verilog Version                                                            ; Verilog_2001       ; Verilog_2001       ;
; VHDL Version                                                               ; VHDL_1993          ; VHDL_1993          ;
; State Machine Processing                                                   ; Auto               ; Auto               ;
; Safe State Machine                                                         ; Off                ; Off                ;
; Extract Verilog State Machines                                             ; On                 ; On                 ;
; Extract VHDL State Machines                                                ; On                 ; On                 ;
; Ignore Verilog initial constructs                                          ; Off                ; Off                ;
; Iteration limit for constant Verilog loops                                 ; 5000               ; 5000               ;
; Iteration limit for non-constant Verilog loops                             ; 250                ; 250                ;
; Add Pass-Through Logic to Inferred RAMs                                    ; On                 ; On                 ;
; Parallel Synthesis                                                         ; On                 ; On                 ;
; DSP Block Balancing                                                        ; Auto               ; Auto               ;
; NOT Gate Push-Back                                                         ; On                 ; On                 ;
; Power-Up Don't Care                                                        ; On                 ; On                 ;
; Remove Redundant Logic Cells                                               ; Off                ; Off                ;
; Remove Duplicate Registers                                                 ; On                 ; On                 ;
; Ignore CARRY Buffers                                                       ; Off                ; Off                ;
; Ignore CASCADE Buffers                                                     ; Off                ; Off                ;
; Ignore GLOBAL Buffers                                                      ; Off                ; Off                ;
; Ignore ROW GLOBAL Buffers                                                  ; Off                ; Off                ;
; Ignore LCELL Buffers                                                       ; Off                ; Off                ;
; Ignore SOFT Buffers                                                        ; On                 ; On                 ;
; Limit AHDL Integers to 32 Bits                                             ; Off                ; Off                ;
; Optimization Technique                                                     ; Balanced           ; Balanced           ;
; Carry Chain Length                                                         ; 70                 ; 70                 ;
; Auto Carry Chains                                                          ; On                 ; On                 ;
; Auto Open-Drain Pins                                                       ; On                 ; On                 ;
; Perform WYSIWYG Primitive Resynthesis                                      ; Off                ; Off                ;
; Auto ROM Replacement                                                       ; On                 ; On                 ;
; Auto RAM Replacement                                                       ; On                 ; On                 ;
; Auto Shift Register Replacement                                            ; Auto               ; Auto               ;
; Allow Shift Register Merging across Hierarchies                            ; Auto               ; Auto               ;
; Auto Clock Enable Replacement                                              ; On                 ; On                 ;
; Strict RAM Replacement                                                     ; Off                ; Off                ;
; Allow Synchronous Control Signals                                          ; On                 ; On                 ;
; Force Use of Synchronous Clear Signals                                     ; Off                ; Off                ;
; Auto RAM to Logic Cell Conversion                                          ; Off                ; Off                ;
; Auto Resource Sharing                                                      ; Off                ; Off                ;
; Allow Any RAM Size For Recognition                                         ; Off                ; Off                ;
; Allow Any ROM Size For Recognition                                         ; Off                ; Off                ;
; Allow Any Shift Register Size For Recognition                              ; Off                ; Off                ;
; Use LogicLock Constraints during Resource Balancing                        ; On                 ; On                 ;
; Ignore translate_off and synthesis_off directives                          ; Off                ; Off                ;
; Timing-Driven Synthesis                                                    ; Off                ; Off                ;
; Report Parameter Settings                                                  ; On                 ; On                 ;
; Report Source Assignments                                                  ; On                 ; On                 ;
; Report Connectivity Checks                                                 ; On                 ; On                 ;
; Ignore Maximum Fan-Out Assignments                                         ; Off                ; Off                ;
; Synchronization Register Chain Length                                      ; 2                  ; 2                  ;
; PowerPlay Power Optimization                                               ; Normal compilation ; Normal compilation ;
; HDL message level                                                          ; Level2             ; Level2             ;
; Suppress Register Optimization Related Messages                            ; Off                ; Off                ;
; Number of Removed Registers Reported in Synthesis Report                   ; 5000               ; 5000               ;
; Number of Inverted Registers Reported in Synthesis Report                  ; 100                ; 100                ;
; Clock MUX Protection                                                       ; On                 ; On                 ;
; Auto Gated Clock Conversion                                                ; Off                ; Off                ;
; Block Design Naming                                                        ; Auto               ; Auto               ;
; SDC constraint protection                                                  ; Off                ; Off                ;
; Synthesis Effort                                                           ; Auto               ; Auto               ;
; Shift Register Replacement - Allow Asynchronous Clear Signal               ; On                 ; On                 ;
; Analysis & Synthesis Message Level                                         ; Medium             ; Medium             ;
; Disable Register Merging Across Hierarchies                                ; Auto               ; Auto               ;
; Resource Aware Inference For Block RAM                                     ; On                 ; On                 ;
; Synthesis Seed                                                             ; 1                  ; 1                  ;
+----------------------------------------------------------------------------+--------------------+--------------------+


Parallel compilation was disabled, but you have multiple processors available. Enable parallel compilation to reduce compilation time.
+-------------------------------------+
; Parallel Compilation                ;
+----------------------------+--------+
; Processors                 ; Number ;
+----------------------------+--------+
; Number detected on machine ; 4      ;
; Maximum allowed            ; 1      ;
+----------------------------+--------+


+----------------------------------------------------------------------------------------------------------------------------------------------+
; Analysis & Synthesis Source Files Read                                                                                                       ;
+----------------------------------+-----------------+------------------------+----------------------------------------------------------------+
; File Name with User-Entered Path ; Used in Netlist ; File Type              ; File Name with Absolute Path                                   ;
+----------------------------------+-----------------+------------------------+----------------------------------------------------------------+
; pong.v                           ; yes             ; User Verilog HDL File  ; /home/ali/Workspace/LetsHackStuff.com/Verilog/pong2/pong.v     ;
; bcd.v                            ; yes             ; User Verilog HDL File  ; /home/ali/Workspace/LetsHackStuff.com/Verilog/pong2/bcd.v      ;
; add3.v                           ; yes             ; User Verilog HDL File  ; /home/ali/Workspace/LetsHackStuff.com/Verilog/pong2/add3.v     ;
; b2seg.v                          ; yes             ; User Verilog HDL File  ; /home/ali/Workspace/LetsHackStuff.com/Verilog/pong2/b2seg.v    ;
; vga_sync.v                       ; yes             ; User Verilog HDL File  ; /home/ali/Workspace/LetsHackStuff.com/Verilog/pong2/vga_sync.v ;
+----------------------------------+-----------------+------------------------+----------------------------------------------------------------+


+-----------------------------------------------------+
; Analysis & Synthesis Resource Usage Summary         ;
+---------------------------------------------+-------+
; Resource                                    ; Usage ;
+---------------------------------------------+-------+
; Estimated Total logic elements              ; 486   ;
;                                             ;       ;
; Total combinational functions               ; 486   ;
; Logic element usage by number of LUT inputs ;       ;
;     -- 4 input functions                    ; 107   ;
;     -- 3 input functions                    ; 181   ;
;     -- <=2 input functions                  ; 198   ;
;                                             ;       ;
; Logic elements by mode                      ;       ;
;     -- normal mode                          ; 240   ;
;     -- arithmetic mode                      ; 246   ;
;                                             ;       ;
; Total registers                             ; 106   ;
;     -- Dedicated logic registers            ; 106   ;
;     -- I/O registers                        ; 0     ;
;                                             ;       ;
; I/O pins                                    ; 57    ;
; Maximum fan-out node                        ; clk   ;
; Maximum fan-out                             ; 54    ;
; Total fan-out                               ; 1638  ;
; Average fan-out                             ; 2.52  ;
+---------------------------------------------+-------+


+-----------------------------------------------------------------------------------------------------------------------------------------------------------------------------------------+
; Analysis & Synthesis Resource Utilization by Entity                                                                                                                                     ;
+----------------------------+-------------------+--------------+-------------+--------------+---------+-----------+------+--------------+---------------------------------+--------------+
; Compilation Hierarchy Node ; LC Combinationals ; LC Registers ; Memory Bits ; DSP Elements ; DSP 9x9 ; DSP 18x18 ; Pins ; Virtual Pins ; Full Hierarchy Name             ; Library Name ;
+----------------------------+-------------------+--------------+-------------+--------------+---------+-----------+------+--------------+---------------------------------+--------------+
; |pong                      ; 486 (385)         ; 106 (86)     ; 0           ; 0            ; 0       ; 0         ; 57   ; 0            ; |pong                           ;              ;
;    |b2seg:comb_608|        ; 7 (7)             ; 0 (0)        ; 0           ; 0            ; 0       ; 0         ; 0    ; 0            ; |pong|b2seg:comb_608            ;              ;
;    |b2seg:comb_610|        ; 7 (7)             ; 0 (0)        ; 0           ; 0            ; 0       ; 0         ; 0    ; 0            ; |pong|b2seg:comb_610            ;              ;
;    |bcd:comb_605|          ; 1 (0)             ; 0 (0)        ; 0           ; 0            ; 0       ; 0         ; 0    ; 0            ; |pong|bcd:comb_605              ;              ;
;       |add3:comb_17|       ; 1 (1)             ; 0 (0)        ; 0           ; 0            ; 0       ; 0         ; 0    ; 0            ; |pong|bcd:comb_605|add3:comb_17 ;              ;
;    |bcd:comb_606|          ; 1 (0)             ; 0 (0)        ; 0           ; 0            ; 0       ; 0         ; 0    ; 0            ; |pong|bcd:comb_606              ;              ;
;       |add3:comb_17|       ; 1 (1)             ; 0 (0)        ; 0           ; 0            ; 0       ; 0         ; 0    ; 0            ; |pong|bcd:comb_606|add3:comb_17 ;              ;
;    |vga_sync:comb_116|     ; 85 (85)           ; 20 (20)      ; 0           ; 0            ; 0       ; 0         ; 0    ; 0            ; |pong|vga_sync:comb_116         ;              ;
+----------------------------+-------------------+--------------+-------------+--------------+---------+-----------+------+--------------+---------------------------------+--------------+
Note: For table entries with two numbers listed, the numbers in parentheses indicate the number of resources of the given type used by the specific entity alone. The numbers listed outside of parentheses indicate the total resources of the given type used by the specific entity and all of its sub-entities in the hierarchy.


+--------------------------------------------------------------+
; Registers Removed During Synthesis                           ;
+---------------------------------------+----------------------+
; Register name                         ; Reason for Removal   ;
+---------------------------------------+----------------------+
; ballX[0]                              ; Merged with ballY[0] ;
; Total Number of Removed Registers = 1 ;                      ;
+---------------------------------------+----------------------+


+------------------------------------------------------+
; General Register Statistics                          ;
+----------------------------------------------+-------+
; Statistic                                    ; Value ;
+----------------------------------------------+-------+
; Total registers                              ; 106   ;
; Number of registers using Synchronous Clear  ; 10    ;
; Number of registers using Synchronous Load   ; 0     ;
; Number of registers using Asynchronous Clear ; 0     ;
; Number of registers using Asynchronous Load  ; 0     ;
; Number of registers using Clock Enable       ; 39    ;
; Number of registers using Preset             ; 0     ;
+----------------------------------------------+-------+


+---------------------------------------------------+
; Inverted Register Statistics                      ;
+-----------------------------------------+---------+
; Inverted Register                       ; Fan out ;
+-----------------------------------------+---------+
; paddleY[7]                              ; 6       ;
; paddleY[6]                              ; 6       ;
; paddleY[4]                              ; 6       ;
; paddleY[2]                              ; 6       ;
; paddleY[1]                              ; 6       ;
; paddleY[0]                              ; 6       ;
; ballY[7]                                ; 7       ;
; ballY[6]                                ; 7       ;
; ballY[5]                                ; 7       ;
; ballY[4]                                ; 7       ;
; ballX[8]                                ; 6       ;
; ballX[6]                                ; 6       ;
; paddleY1[7]                             ; 6       ;
; paddleY1[6]                             ; 6       ;
; paddleY1[4]                             ; 6       ;
; paddleY1[2]                             ; 6       ;
; paddleY1[1]                             ; 6       ;
; paddleY1[0]                             ; 6       ;
; Total number of inverted registers = 18 ;         ;
+-----------------------------------------+---------+


+-------------------------------------------------------------------------------------------------------------------------------------------------+
; Multiplexer Restructuring Statistics (Restructuring Performed)                                                                                  ;
+--------------------+-----------+---------------+----------------------+------------------------+-------------------+----------------------------+
; Multiplexer Inputs ; Bus Width ; Baseline Area ; Area if Restructured ; Saving if Restructured ; Registered        ; Example Multiplexer Output ;
+--------------------+-----------+---------------+----------------------+------------------------+-------------------+----------------------------+
; 3:1                ; 13 bits   ; 26 LEs        ; 13 LEs               ; 13 LEs                 ; |pong|ballX[1]    ;                            ;
; 3:1                ; 4 bits    ; 8 LEs         ; 0 LEs                ; 8 LEs                  ; |pong|paddleY[9]  ;                            ;
; 3:1                ; 4 bits    ; 8 LEs         ; 0 LEs                ; 8 LEs                  ; |pong|paddleY1[9] ;                            ;
; 3:1                ; 6 bits    ; 12 LEs        ; 6 LEs                ; 6 LEs                  ; |pong|ballY[4]    ;                            ;
; 3:1                ; 6 bits    ; 12 LEs        ; 0 LEs                ; 12 LEs                 ; |pong|paddleY[7]  ;                            ;
; 3:1                ; 6 bits    ; 12 LEs        ; 0 LEs                ; 12 LEs                 ; |pong|paddleY1[2] ;                            ;
+--------------------+-----------+---------------+----------------------+------------------------+-------------------+----------------------------+


+----------------------------------------------------------------------------------------------------------------------------------------------------------------------+
; Port Connectivity Checks: "bcd:comb_606"                                                                                                                             ;
+------+-------+----------+--------------------------------------------------------------------------------------------------------------------------------------------+
; Port ; Type  ; Severity ; Details                                                                                                                                    ;
+------+-------+----------+--------------------------------------------------------------------------------------------------------------------------------------------+
; in   ; Input ; Warning  ; Input port expression (4 bits) is smaller than the input port (5 bits) it drives.  Extra input bit(s) "in[4..4]" will be connected to GND. ;
+------+-------+----------+--------------------------------------------------------------------------------------------------------------------------------------------+


+---------------------------------------------------------------------------------------------------------------------+
; Port Connectivity Checks: "bcd:comb_605|add3:comb_17"                                                               ;
+-----------+--------+----------+-------------------------------------------------------------------------------------+
; Port      ; Type   ; Severity ; Details                                                                             ;
+-----------+--------+----------+-------------------------------------------------------------------------------------+
; in[0]     ; Input  ; Info     ; Stuck at GND                                                                        ;
; out[3..0] ; Output ; Info     ; Connected to dangling logic. Logic that only feeds a dangling port will be removed. ;
; out[12]   ; Output ; Info     ; Connected to dangling logic. Logic that only feeds a dangling port will be removed. ;
+-----------+--------+----------+-------------------------------------------------------------------------------------+


+---------------------------------------------------------------------------------------------------------------------+
; Port Connectivity Checks: "bcd:comb_605|add3:comb_16"                                                               ;
+-----------+--------+----------+-------------------------------------------------------------------------------------+
; Port      ; Type   ; Severity ; Details                                                                             ;
+-----------+--------+----------+-------------------------------------------------------------------------------------+
; in[12..8] ; Input  ; Info     ; Stuck at GND                                                                        ;
; in[2..0]  ; Input  ; Info     ; Stuck at GND                                                                        ;
; out[12]   ; Output ; Info     ; Connected to dangling logic. Logic that only feeds a dangling port will be removed. ;
+-----------+--------+----------+-------------------------------------------------------------------------------------+


+----------------------------------------------------------------------------------------------------------------------------------------------------------------------+
; Port Connectivity Checks: "bcd:comb_605"                                                                                                                             ;
+------+-------+----------+--------------------------------------------------------------------------------------------------------------------------------------------+
; Port ; Type  ; Severity ; Details                                                                                                                                    ;
+------+-------+----------+--------------------------------------------------------------------------------------------------------------------------------------------+
; in   ; Input ; Warning  ; Input port expression (4 bits) is smaller than the input port (5 bits) it drives.  Extra input bit(s) "in[4..4]" will be connected to GND. ;
+------+-------+----------+--------------------------------------------------------------------------------------------------------------------------------------------+


+-------------------------------+
; Elapsed Time Per Partition    ;
+----------------+--------------+
; Partition Name ; Elapsed Time ;
+----------------+--------------+
; Top            ; 00:00:01     ;
+----------------+--------------+


+-------------------------------+
; Analysis & Synthesis Messages ;
+-------------------------------+
Info: *******************************************************************
Info: Running Quartus II Analysis & Synthesis
    Info: Version 11.0 Build 157 04/27/2011 SJ Web Edition
    Info: Processing started: Tue Aug 30 02:28:44 2011
Info: Command: quartus_map --read_settings_files=on --write_settings_files=off pong2 -c pong2
Warning: Parallel compilation is not licensed and has been disabled
Info: Found 1 design units, including 1 entities, in source file pong.v
    Info: Found entity 1: pong
Info: Found 1 design units, including 1 entities, in source file bcd.v
    Info: Found entity 1: bcd
Info: Found 1 design units, including 1 entities, in source file add3.v
    Info: Found entity 1: add3
Info: Found 1 design units, including 1 entities, in source file b2seg.v
    Info: Found entity 1: b2seg
Info: Found 1 design units, including 1 entities, in source file vga_sync.v
    Info: Found entity 1: vga_sync
Warning (10236): Verilog HDL Implicit Net warning at pong.v(22): created implicit net for "display"
Critical Warning (10846): Verilog HDL Instantiation warning at pong.v(22): instance has no name
Critical Warning (10846): Verilog HDL Instantiation warning at bcd.v(7): instance has no name
Critical Warning (10846): Verilog HDL Instantiation warning at bcd.v(8): instance has no name
Critical Warning (10846): Verilog HDL Instantiation warning at pong.v(92): instance has no name
Critical Warning (10846): Verilog HDL Instantiation warning at pong.v(93): instance has no name
Critical Warning (10846): Verilog HDL Instantiation warning at pong.v(94): instance has no name
Critical Warning (10846): Verilog HDL Instantiation warning at pong.v(95): instance has no name
Critical Warning (10846): Verilog HDL Instantiation warning at pong.v(96): instance has no name
Critical Warning (10846): Verilog HDL Instantiation warning at pong.v(97): instance has no name
Info: Elaborating entity "pong" for the top level hierarchy
Warning (10230): Verilog HDL assignment warning at pong.v(33): truncated value with size 32 to match size of target (10)
Warning (10230): Verilog HDL assignment warning at pong.v(35): truncated value with size 32 to match size of target (10)
Warning (10230): Verilog HDL assignment warning at pong.v(42): truncated value with size 32 to match size of target (10)
Warning (10230): Verilog HDL assignment warning at pong.v(44): truncated value with size 32 to match size of target (10)
Warning (10230): Verilog HDL assignment warning at pong.v(49): truncated value with size 32 to match size of target (10)
Warning (10230): Verilog HDL assignment warning at pong.v(50): truncated value with size 32 to match size of target (10)
Warning (10230): Verilog HDL assignment warning at pong.v(77): truncated value with size 32 to match size of target (4)
Warning (10230): Verilog HDL assignment warning at pong.v(82): truncated value with size 32 to match size of target (4)
Warning (10230): Verilog HDL assignment warning at pong.v(99): truncated value with size 32 to match size of target (4)
Warning (10230): Verilog HDL assignment warning at pong.v(100): truncated value with size 32 to match size of target (4)
Warning (10230): Verilog HDL assignment warning at pong.v(101): truncated value with size 32 to match size of target (4)
Info: Elaborating entity "vga_sync" for hierarchy "vga_sync:comb_116"
Warning (10230): Verilog HDL assignment warning at vga_sync.v(9): truncated value with size 32 to match size of target (10)
Warning (10230): Verilog HDL assignment warning at vga_sync.v(10): truncated value with size 32 to match size of target (10)
Warning (10230): Verilog HDL assignment warning at vga_sync.v(18): truncated value with size 32 to match size of target (10)
Warning (10230): Verilog HDL assignment warning at vga_sync.v(23): truncated value with size 32 to match size of target (10)
Info: Elaborating entity "bcd" for hierarchy "bcd:comb_605"
Info: Elaborating entity "add3" for hierarchy "bcd:comb_605|add3:comb_16"
Warning (10230): Verilog HDL assignment warning at add3.v(9): truncated value with size 32 to match size of target (4)
Warning (10230): Verilog HDL assignment warning at add3.v(10): truncated value with size 32 to match size of target (4)
Info: Elaborating entity "b2seg" for hierarchy "b2seg:comb_607"
Critical Warning (10169): Verilog HDL warning at b2seg.v(3): the port and data declarations for array port "out" do not specify the same range for each dimension
Warning (10359): HDL warning at b2seg.v(4): see declaration for object "out"
Warning: 2 hierarchies have connectivity warnings - see the Connectivity Checks report folder
Warning: Output pins are stuck at VCC or GND
    Warning (13410): Pin "HEX3[6]" is stuck at VCC
    Warning (13410): Pin "HEX3[2]" is stuck at GND
    Warning (13410): Pin "HEX3[1]" is stuck at GND
    Warning (13410): Pin "HEX1[6]" is stuck at VCC
    Warning (13410): Pin "HEX1[2]" is stuck at GND
    Warning (13410): Pin "HEX1[1]" is stuck at GND
Info: Generating hard_block partition "hard_block:auto_generated_inst"
Info: Implemented 543 device resources after synthesis - the final resource count might be different
    Info: Implemented 15 input pins
    Info: Implemented 42 output pins
    Info: Implemented 486 logic cells
Info: Quartus II Analysis & Synthesis was successful. 0 errors, 38 warnings
    Info: Peak virtual memory: 263 megabytes
    Info: Processing ended: Tue Aug 30 02:28:48 2011
    Info: Elapsed time: 00:00:04
    Info: Total CPU time (on all processors): 00:00:02


